SYMBOL SECTION
 ENTRY i30 CONST INTERNAL realBias
DATA SECTION
 DEF f23 := 0 [INT]
 DEF GLOBAL f24 := f23 [INT]
 DEF f25 := 1.2 [REAL]
 DEF GLOBAL f26 := f25 [REAL]
 DEF f27 := 3.14 [REAL]
 CALL RNeg((f27 -> f37)[REAL])
 DEF f38 := (RETURN f39) [REAL]
 DEF GLOBAL f40 := f38 [REAL]
 DEF f41 := 42 [INT]
 DEF GLOBAL f42 := f41 [INT]
 DEF GLOBAL f43 := FALSE [BOOL]
 DEF g39 := 127 [INT]
 DEF GLOBAL i30 := g39 [INT]
BSS SECTION
CODE SECTION
 CALL IntToReal(((GLOBAL f24) -> h45)[INT])
 DEF g56 := (RETURN h47) [REAL]
 CALL RMul((g56 -> h41)[REAL], ((GLOBAL f26) -> h42)[REAL])
 DEF h43 := (RETURN h44) [REAL]
 CALL IntToReal(((GLOBAL f42) -> h45)[INT])
 DEF h46 := (RETURN h47) [REAL]
 CALL RDivide(((GLOBAL f40) -> i33)[REAL], (h46 -> i34)[REAL])
 DEF i35 := (RETURN i36) [REAL]
 CALL RNotEqualTo((h43 -> i42)[REAL], (i35 -> i43)[REAL])
 DEF i44 := (RETURN i45) [BOOL]
 f43 := i44 [BOOL]
 CALL WriteBool(((GLOBAL f43) -> i47)[BOOL])
END
PROC SECTION
 PROC LABEL RNeg
  DEF b47 := 0 [INT]
  DEF b48 := 0 [INT]
  DEF b49 := 0.0 [REAL]
  DEF b50 := 0 [INT]
  DEF b51 := 1 [INT]
  DEF b52 := 31 [INT]
  DEF b53 := b51 ILSHIFT b52 [INT]
  b47 := b53 [INT]
  CALL RealBinaryAsInt(((PARAM p) -> i40)[REAL])
  DEF b56 := (RETURN g97) [INT]
  b48 := b56 [INT]
  DEF b57 := b48 IXOR b47 [INT]
  b50 := b57 [INT]
  CALL IntBinaryAsReal((b50 -> i31)[INT])
  DEF b58 := (RETURN k3) [REAL]
  b49 := b58 [REAL]
  DEF RETURN f36 := b49 [REAL]
 RETURN
 PROC LABEL RealBinaryAsInt
  DEF f28 := 0 [INT]
  DEF f29 := 0.0 [REAL]
  IPARAM f29
  IPARAM (PARAM m)
  IASM "LDR %r, %a"
  IPARAM f29
  IPARAM f28
  IASM "STR %r, %a"
  DEF RETURN f30 := f28 [INT]
 RETURN
 PROC LABEL IntBinaryAsReal
  DEF f32 := 0.0 [REAL]
  DEF f33 := 0 [INT]
  IPARAM f33
  IPARAM (PARAM g52)
  IASM "LDR %r, %a"
  IPARAM f33
  IPARAM f32
  IASM "STR %r, %a"
  DEF RETURN f34 := f32 [REAL]
 RETURN
 PROC LABEL IntToReal
  DEF f44 := 0.0 [REAL]
  DEF f45 := 0 [INT]
  DEF f46 := FALSE [BOOL]
  DEF f47 := 0 [INT]
  DEF f48 := 0 [INT]
  DEF f49 := 0 [INT]
  DEF f50 := 0 [INT]
  DEF f51 := 0 [INT]
  DEF f52 := 0 [INT]
  DEF f53 := 0 [INT]
  DEF f54 := 0 [INT]
  DEF f55 := 0 [INT]
  DEF f56 := 0 [INT]
  CALL Abs(((PARAM a) -> f70)[INT])
  DEF f71 := (RETURN O) [INT]
  f45 := f71 [INT]
  f50 := f45 [INT]
  DEF f72 := 0 [INT]
  f49 := f72 [INT]
  CALL IntIsNegative(((PARAM a) -> f86)[INT])
  DEF f87 := (RETURN S) [BOOL]
  f46 := f87 [BOOL]
  CALL IntIsZero((f50 -> i29)[INT])
  DEF f97 := (RETURN V) [BOOL]
  DEF f98 := TRUE [BOOL]
  IF f97 EQ f98
  THEN IFSTAT_0_SEQ_0_LEVEL_0_1
  ELSE IFNEXT_0_SEQ_0_LEVEL_0_1
  LABEL IFSTAT_0_SEQ_0_LEVEL_0_1
  DEF f99 := 0 [INT]
  f47 := f99 [INT]
  GOTO IFEND_0_LEVEL_0_1
  LABEL IFNEXT_0_SEQ_0_LEVEL_0_1
  CALL IntIsZero((f50 -> i29)[INT])
  DEF g11 := (RETURN V) [BOOL]
  DEF g12 := BNOT g11 [BOOL]
  DEF g13 := TRUE [BOOL]
  IF g12 EQ g13
  THEN WHILESTAT_0_SEQ_0_LEVEL_0_0
  ELSE WHILENEXT_0_SEQ_0_LEVEL_0_0
  LABEL WHILECOND_0_SEQ_0_LEVEL_0_0
  IF g12 EQ g13
  THEN WHILESTAT_0_SEQ_0_LEVEL_0_0
  ELSE WHILEEND_0_LEVEL_0_0
  LABEL WHILESTAT_0_SEQ_0_LEVEL_0_0
  DEF g14 := 1 [INT]
  DEF g15 := f50 IAND g14 [INT]
  f51 := g15 [INT]
  DEF g16 := 1 [INT]
  DEF g17 := f51 EQ g16 [BOOL]
  DEF g18 := TRUE [BOOL]
  IF g17 EQ g18
  THEN IFSTAT_1_SEQ_0_LEVEL_1
  ELSE IFNEXT_1_SEQ_0_LEVEL_1
  LABEL IFSTAT_1_SEQ_0_LEVEL_1
  f48 := f49 [INT]
  GOTO IFEND_1_LEVEL_1
  LABEL IFNEXT_1_SEQ_0_LEVEL_1
  LABEL IFEND_1_LEVEL_1
  DEF g19 := 1 [INT]
  DEF g20 := f49 IADD g19 [INT]
  f49 := g20 [INT]
  DEF g21 := 1 [INT]
  DEF g22 := f50 IRSHIFT g21 [INT]
  f50 := g22 [INT]
  CALL IntIsZero((f50 -> i29)[INT])
  DEF g24 := (RETURN V) [BOOL]
  DEF g25 := BNOT g24 [BOOL]
  g12 := g25 [BOOL]
  GOTO WHILECOND_0_SEQ_0_LEVEL_0_0
  LABEL WHILENEXT_0_SEQ_0_LEVEL_0_0
  LABEL WHILEEND_0_LEVEL_0_0
  DEF g26 := 23 [INT]
  DEF g27 := f48 GT g26 [BOOL]
  DEF g28 := TRUE [BOOL]
  IF g27 EQ g28
  THEN IFSTAT_2_SEQ_0_LEVEL_1_0
  ELSE IFNEXT_2_SEQ_0_LEVEL_1_0
  LABEL IFSTAT_2_SEQ_0_LEVEL_1_0
  DEF g29 := 23 [INT]
  DEF g30 := f48 ISUB g29 [INT]
  DEF g31 := f45 IRSHIFT g30 [INT]
  f45 := g31 [INT]
  GOTO IFEND_2_LEVEL_1_0
  LABEL IFNEXT_2_SEQ_0_LEVEL_1_0
  DEF g32 := 23 [INT]
  DEF g33 := f48 LT g32 [BOOL]
  DEF g34 := TRUE [BOOL]
  IF g33 EQ g34
  THEN IFSTAT_2_SEQ_1_LEVEL_1_0
  ELSE IFNEXT_2_SEQ_1_LEVEL_1_0
  LABEL IFSTAT_2_SEQ_1_LEVEL_1_0
  DEF g35 := 23 [INT]
  DEF g36 := g35 ISUB f48 [INT]
  DEF g37 := f45 ILSHIFT g36 [INT]
  f45 := g37 [INT]
  GOTO IFEND_2_LEVEL_1_0
  LABEL IFNEXT_2_SEQ_1_LEVEL_1_0
  LABEL IFEND_2_LEVEL_1_0
  DEF g38 := f48 IADD i30 [INT]
  f53 := g38 [INT]
  DEF g42 := 8388607 [INT]
  f55 := g42 [INT]
  DEF g43 := f45 IAND f55 [INT]
  f54 := g43 [INT]
  f47 := f54 [INT]
  DEF g44 := 23 [INT]
  DEF g45 := f53 ILSHIFT g44 [INT]
  DEF g46 := f47 IOR g45 [INT]
  f47 := g46 [INT]
  DEF g47 := TRUE [BOOL]
  IF f46 EQ g47
  THEN IFSTAT_3_SEQ_0_LEVEL_1
  ELSE IFNEXT_3_SEQ_0_LEVEL_1
  LABEL IFSTAT_3_SEQ_0_LEVEL_1
  DEF g48 := 1 [INT]
  DEF g49 := 31 [INT]
  DEF g50 := g48 ILSHIFT g49 [INT]
  DEF g51 := f47 IOR g50 [INT]
  f47 := g51 [INT]
  GOTO IFEND_3_LEVEL_1
  LABEL IFNEXT_3_SEQ_0_LEVEL_1
  LABEL IFEND_3_LEVEL_1
  GOTO IFEND_0_LEVEL_0_1
  LABEL IFNEXT_0_SEQ_1_LEVEL_0_1
  LABEL IFEND_0_LEVEL_0_1
  CALL IntBinaryAsReal((f47 -> g52)[INT])
  DEF g53 := (RETURN f34) [REAL]
  f44 := g53 [REAL]
  DEF RETURN g54 := f44 [REAL]
 RETURN
 PROC LABEL Abs
  DEF f57 := 0 [INT]
  DEF f58 := 0 [INT]
  DEF f59 := (PARAM f60) GE f58 [BOOL]
  DEF f61 := TRUE [BOOL]
  IF f59 EQ f61
  THEN IFSTAT_0_SEQ_0_LEVEL_0_0
  ELSE IFNEXT_0_SEQ_0_LEVEL_0_0
  LABEL IFSTAT_0_SEQ_0_LEVEL_0_0
  f57 := (PARAM f60) [INT]
  GOTO IFEND_0_LEVEL_0_0
  LABEL IFNEXT_0_SEQ_0_LEVEL_0_0
  CALL INeg(((PARAM f60) -> f67)[INT])
  DEF f68 := (RETURN v) [INT]
  f57 := f68 [INT]
  GOTO IFEND_0_LEVEL_0_0
  LABEL IFNEXT_0_SEQ_1_LEVEL_0_0
  LABEL IFEND_0_LEVEL_0_0
  DEF RETURN f69 := f57 [INT]
 RETURN
 PROC LABEL INeg
  DEF f62 := 0 [INT]
  DEF f63 := INOT (PARAM a) [INT]
  DEF f64 := 1 [INT]
  DEF f65 := f63 IADD f64 [INT]
  f62 := f65 [INT]
  DEF RETURN f66 := f62 [INT]
 RETURN
 PROC LABEL IntIsNegative
  DEF f73 := FALSE [BOOL]
  DEF f74 := 0 [INT]
  DEF f75 := 31 [INT]
  DEF f76 := (PARAM f77) IRSHIFT f75 [INT]
  DEF f78 := 1 [INT]
  DEF f79 := f76 IAND f78 [INT]
  f74 := f79 [INT]
  DEF f80 := 0 [INT]
  DEF f81 := f74 EQ f80 [BOOL]
  DEF f82 := TRUE [BOOL]
  IF f81 EQ f82
  THEN IFSTAT_2_SEQ_0_LEVEL_0_0
  ELSE IFNEXT_2_SEQ_0_LEVEL_0_0
  LABEL IFSTAT_2_SEQ_0_LEVEL_0_0
  DEF f83 := FALSE [BOOL]
  f73 := f83 [BOOL]
  GOTO IFEND_2_LEVEL_0_0
  LABEL IFNEXT_2_SEQ_0_LEVEL_0_0
  DEF f84 := TRUE [BOOL]
  f73 := f84 [BOOL]
  GOTO IFEND_2_LEVEL_0_0
  LABEL IFNEXT_2_SEQ_1_LEVEL_0_0
  LABEL IFEND_2_LEVEL_0_0
  DEF RETURN f85 := f73 [BOOL]
 RETURN
 PROC LABEL IntIsZero
  DEF f88 := FALSE [BOOL]
  DEF f89 := 0 [INT]
  DEF f90 := (PARAM f91) EQ f89 [BOOL]
  DEF f92 := TRUE [BOOL]
  IF f90 EQ f92
  THEN IFSTAT_1_SEQ_0_LEVEL_0_0
  ELSE IFNEXT_1_SEQ_0_LEVEL_0_0
  LABEL IFSTAT_1_SEQ_0_LEVEL_0_0
  DEF f93 := TRUE [BOOL]
  f88 := f93 [BOOL]
  GOTO IFEND_1_LEVEL_0_0
  LABEL IFNEXT_1_SEQ_0_LEVEL_0_0
  DEF f94 := FALSE [BOOL]
  f88 := f94 [BOOL]
  GOTO IFEND_1_LEVEL_0_0
  LABEL IFNEXT_1_SEQ_1_LEVEL_0_0
  LABEL IFEND_1_LEVEL_0_0
  DEF RETURN f95 := f88 [BOOL]
 RETURN
 PROC LABEL RMul
  DEF k8 := 0.0 [REAL]
  DEF k9 := 0 [INT]
  DEF l0 := 0 [INT]
  DEF l1 := 0 [INT]
  DEF l2 := 0 [INT]
  DEF l3 := 0 [INT]
  DEF l4 := 0 [INT]
  DEF l5 := 0 [INT]
  DEF l6 := 0 [INT]
  DEF l7 := 0 [INT]
  DEF l8 := 0 [INT]
  DEF l9 := 0 [INT]
  DEF m0 := 0 [INT]
  DEF m1 := 0 [INT]
  DEF m2 := 0 [INT]
  DEF m3 := 0 [INT]
  DEF m4 := 0 [INT]
  DEF m5 := 0 [INT]
  DEF m6 := 0 [INT]
  DEF m7 := 0 [INT]
  DEF m8 := 0 [INT]
  DEF m9 := 0 [INT]
  DEF n0 := 0 [INT]
  DEF n1 := 0 [INT]
  DEF n2 := 0 [INT]
  DEF n3 := 0 [INT]
  DEF n4 := 0 [INT]
  DEF n5 := 0 [INT]
  DEF n6 := 0 [INT]
  DEF n7 := 0 [INT]
  DEF n8 := 0 [INT]
  DEF n9 := 0 [INT]
  DEF o0 := 0 [INT]
  DEF o1 := 0 [INT]
  DEF o2 := 0 [INT]
  DEF o3 := 0 [INT]
  DEF o4 := 0 [INT]
  DEF o5 := 0 [INT]
  DEF o6 := 0 [INT]
  CALL RealSign(((PARAM g) -> h49)[REAL])
  DEF o7 := (RETURN a1) [INT]
  l0 := o7 [INT]
  CALL RealSign(((PARAM h) -> h49)[REAL])
  DEF o8 := (RETURN a1) [INT]
  l1 := o8 [INT]
  CALL RealExponent(((PARAM g) -> h51)[REAL])
  DEF o9 := (RETURN a5) [INT]
  l2 := o9 [INT]
  CALL RealExponent(((PARAM h) -> h51)[REAL])
  DEF p0 := (RETURN a5) [INT]
  l3 := p0 [INT]
  CALL RealMantissa(((PARAM g) -> h53)[REAL])
  DEF p1 := (RETURN h63) [INT]
  l4 := p1 [INT]
  CALL RealMantissa(((PARAM h) -> h53)[REAL])
  DEF p2 := (RETURN h63) [INT]
  l5 := p2 [INT]
  CALL IntIsZero((l4 -> i29)[INT])
  DEF p3 := (RETURN h0) [BOOL]
  DEF p4 := BNOT p3 [BOOL]
  CALL IntIsZero((l5 -> i29)[INT])
  DEF p5 := (RETURN h0) [BOOL]
  DEF p6 := BNOT p5 [BOOL]
  DEF p7 := p4 LAND p6 [BOOL]
  DEF p8 := TRUE [BOOL]
  IF p7 EQ p8
  THEN IFSTAT_10_SEQ_0_LEVEL_0_0
  ELSE IFNEXT_10_SEQ_0_LEVEL_0_0
  LABEL IFSTAT_10_SEQ_0_LEVEL_0_0
  DEF p9 := 1 [INT]
  DEF q0 := l4 IAND p9 [INT]
  DEF q1 := 1 [INT]
  DEF q2 := q0 NE q1 [BOOL]
  DEF q3 := TRUE [BOOL]
  IF q2 EQ q3
  THEN WHILESTAT_2_SEQ_0_LEVEL_0_0
  ELSE WHILENEXT_2_SEQ_0_LEVEL_0_0
  LABEL WHILECOND_2_SEQ_0_LEVEL_0_0
  IF q2 EQ q3
  THEN WHILESTAT_2_SEQ_0_LEVEL_0_0
  ELSE WHILEEND_2_LEVEL_0_0
  LABEL WHILESTAT_2_SEQ_0_LEVEL_0_0
  DEF q4 := 1 [INT]
  DEF q5 := l4 IRSHIFT q4 [INT]
  l4 := q5 [INT]
  DEF q6 := 1 [INT]
  DEF q7 := l4 IAND q6 [INT]
  DEF q8 := 1 [INT]
  DEF q9 := q7 NE q8 [BOOL]
  q2 := q9 [BOOL]
  GOTO WHILECOND_2_SEQ_0_LEVEL_0_0
  LABEL WHILENEXT_2_SEQ_0_LEVEL_0_0
  LABEL WHILEEND_2_LEVEL_0_0
  DEF r0 := 0 [INT]
  m5 := r0 [INT]
  m9 := l4 [INT]
  CALL IntIsZero((m9 -> i29)[INT])
  DEF r1 := (RETURN h0) [BOOL]
  DEF r2 := BNOT r1 [BOOL]
  DEF r3 := TRUE [BOOL]
  IF r2 EQ r3
  THEN WHILESTAT_4_SEQ_0_LEVEL_0_0
  ELSE WHILENEXT_4_SEQ_0_LEVEL_0_0
  LABEL WHILECOND_4_SEQ_0_LEVEL_0_0
  IF r2 EQ r3
  THEN WHILESTAT_4_SEQ_0_LEVEL_0_0
  ELSE WHILEEND_4_LEVEL_0_0
  LABEL WHILESTAT_4_SEQ_0_LEVEL_0_0
  DEF r4 := 1 [INT]
  DEF r5 := m9 IAND r4 [INT]
  n0 := r5 [INT]
  DEF r6 := 1 [INT]
  DEF r7 := n0 EQ r6 [BOOL]
  DEF r8 := TRUE [BOOL]
  IF r7 EQ r8
  THEN IFSTAT_11_SEQ_0_LEVEL_1
  ELSE IFNEXT_11_SEQ_0_LEVEL_1
  LABEL IFSTAT_11_SEQ_0_LEVEL_1
  m4 := m5 [INT]
  GOTO IFEND_11_LEVEL_1
  LABEL IFNEXT_11_SEQ_0_LEVEL_1
  LABEL IFEND_11_LEVEL_1
  DEF r9 := 1 [INT]
  DEF s0 := m5 IADD r9 [INT]
  m5 := s0 [INT]
  DEF s1 := 1 [INT]
  DEF s2 := m9 IRSHIFT s1 [INT]
  m9 := s2 [INT]
  CALL IntIsZero((m9 -> i29)[INT])
  DEF s3 := (RETURN h0) [BOOL]
  DEF s4 := BNOT s3 [BOOL]
  r2 := s4 [BOOL]
  GOTO WHILECOND_4_SEQ_0_LEVEL_0_0
  LABEL WHILENEXT_4_SEQ_0_LEVEL_0_0
  LABEL WHILEEND_4_LEVEL_0_0
  DEF s5 := 1 [INT]
  DEF s6 := l5 IAND s5 [INT]
  DEF s7 := 1 [INT]
  DEF s8 := s6 NE s7 [BOOL]
  DEF s9 := TRUE [BOOL]
  IF s8 EQ s9
  THEN WHILESTAT_6_SEQ_0_LEVEL_0
  ELSE WHILENEXT_6_SEQ_0_LEVEL_0
  LABEL WHILECOND_6_SEQ_0_LEVEL_0
  IF s8 EQ s9
  THEN WHILESTAT_6_SEQ_0_LEVEL_0
  ELSE WHILEEND_6_LEVEL_0
  LABEL WHILESTAT_6_SEQ_0_LEVEL_0
  DEF t0 := 1 [INT]
  DEF t1 := l5 IRSHIFT t0 [INT]
  l5 := t1 [INT]
  DEF t2 := 1 [INT]
  DEF t3 := l5 IAND t2 [INT]
  DEF t4 := 1 [INT]
  DEF t5 := t3 NE t4 [BOOL]
  s8 := t5 [BOOL]
  GOTO WHILECOND_6_SEQ_0_LEVEL_0
  LABEL WHILENEXT_6_SEQ_0_LEVEL_0
  LABEL WHILEEND_6_LEVEL_0
  DEF t6 := 0 [INT]
  m7 := t6 [INT]
  m8 := l5 [INT]
  CALL IntIsZero((m8 -> i29)[INT])
  DEF t7 := (RETURN h0) [BOOL]
  DEF t8 := BNOT t7 [BOOL]
  DEF t9 := TRUE [BOOL]
  IF t8 EQ t9
  THEN WHILESTAT_8_SEQ_0_LEVEL_0
  ELSE WHILENEXT_8_SEQ_0_LEVEL_0
  LABEL WHILECOND_8_SEQ_0_LEVEL_0
  IF t8 EQ t9
  THEN WHILESTAT_8_SEQ_0_LEVEL_0
  ELSE WHILEEND_8_LEVEL_0
  LABEL WHILESTAT_8_SEQ_0_LEVEL_0
  DEF u0 := 1 [INT]
  DEF u1 := m8 IAND u0 [INT]
  n1 := u1 [INT]
  DEF u2 := 1 [INT]
  DEF u3 := n1 EQ u2 [BOOL]
  DEF u4 := TRUE [BOOL]
  IF u3 EQ u4
  THEN IFSTAT_12_SEQ_0_LEVEL_1
  ELSE IFNEXT_12_SEQ_0_LEVEL_1
  LABEL IFSTAT_12_SEQ_0_LEVEL_1
  m6 := m7 [INT]
  GOTO IFEND_12_LEVEL_1
  LABEL IFNEXT_12_SEQ_0_LEVEL_1
  LABEL IFEND_12_LEVEL_1
  DEF u5 := 1 [INT]
  DEF u6 := m7 IADD u5 [INT]
  m7 := u6 [INT]
  DEF u7 := 1 [INT]
  DEF u8 := m8 IRSHIFT u7 [INT]
  m8 := u8 [INT]
  CALL IntIsZero((m8 -> i29)[INT])
  DEF u9 := (RETURN h0) [BOOL]
  DEF v0 := BNOT u9 [BOOL]
  t8 := v0 [BOOL]
  GOTO WHILECOND_8_SEQ_0_LEVEL_0
  LABEL WHILENEXT_8_SEQ_0_LEVEL_0
  LABEL WHILEEND_8_LEVEL_0
  DEF v1 := m4 IADD m6 [INT]
  n2 := v1 [INT]
  DEF v2 := l0 NE l1 [BOOL]
  DEF v3 := TRUE [BOOL]
  IF v2 EQ v3
  THEN IFSTAT_13_SEQ_0_LEVEL_1
  ELSE IFNEXT_13_SEQ_0_LEVEL_1
  LABEL IFSTAT_13_SEQ_0_LEVEL_1
  DEF v4 := 1 [INT]
  l6 := v4 [INT]
  GOTO IFEND_13_LEVEL_1
  LABEL IFNEXT_13_SEQ_0_LEVEL_1
  DEF v5 := 0 [INT]
  l6 := v5 [INT]
  GOTO IFEND_13_LEVEL_1
  LABEL IFNEXT_13_SEQ_1_LEVEL_1
  LABEL IFEND_13_LEVEL_1
  DEF v6 := l2 IADD l3 [INT]
  l8 := v6 [INT]
  IPARAM n4
  IPARAM n3
  IPARAM l4
  IPARAM l5
  IASM "MULL %r, %r, %r, %r"
  IPARAM n3
  IPARAM n3
  IASM "STR %r, %a"
  IPARAM n4
  IPARAM n4
  IASM "STR %r, %a"
  DEF v7 := 0 [INT]
  l9 := v7 [INT]
  n5 := n3 [INT]
  n6 := n4 [INT]
  CALL IntIsZero((n5 -> i29)[INT])
  DEF v8 := (RETURN h0) [BOOL]
  DEF v9 := BNOT v8 [BOOL]
  DEF w0 := TRUE [BOOL]
  IF v9 EQ w0
  THEN WHILESTAT_10_SEQ_0_LEVEL_0
  ELSE WHILENEXT_10_SEQ_0_LEVEL_0
  LABEL WHILECOND_10_SEQ_0_LEVEL_0
  IF v9 EQ w0
  THEN WHILESTAT_10_SEQ_0_LEVEL_0
  ELSE WHILEEND_10_LEVEL_0
  LABEL WHILESTAT_10_SEQ_0_LEVEL_0
  DEF w1 := 1 [INT]
  DEF w2 := n6 IAND w1 [INT]
  m2 := w2 [INT]
  DEF w3 := 1 [INT]
  DEF w4 := m2 EQ w3 [BOOL]
  DEF w5 := TRUE [BOOL]
  IF w4 EQ w5
  THEN IFSTAT_14_SEQ_0_LEVEL_1
  ELSE IFNEXT_14_SEQ_0_LEVEL_1
  LABEL IFSTAT_14_SEQ_0_LEVEL_1
  m0 := l9 [INT]
  GOTO IFEND_14_LEVEL_1
  LABEL IFNEXT_14_SEQ_0_LEVEL_1
  LABEL IFEND_14_LEVEL_1
  DEF w6 := 1 [INT]
  DEF w7 := l9 IADD w6 [INT]
  l9 := w7 [INT]
  DEF w8 := 1 [INT]
  DEF w9 := n5 IAND w8 [INT]
  n7 := w9 [INT]
  DEF x0 := 1 [INT]
  DEF x1 := n5 IRSHIFT x0 [INT]
  n5 := x1 [INT]
  DEF x2 := 1 [INT]
  DEF x3 := n6 IRSHIFT x2 [INT]
  n6 := x3 [INT]
  DEF x4 := 30 [INT]
  DEF x5 := n7 ILSHIFT x4 [INT]
  DEF x6 := n6 IOR x5 [INT]
  n6 := x6 [INT]
  CALL IntIsZero((n5 -> i29)[INT])
  DEF x7 := (RETURN h0) [BOOL]
  DEF x8 := BNOT x7 [BOOL]
  v9 := x8 [BOOL]
  GOTO WHILECOND_10_SEQ_0_LEVEL_0
  LABEL WHILENEXT_10_SEQ_0_LEVEL_0
  LABEL WHILEEND_10_LEVEL_0
  CALL IntIsZero((n6 -> i29)[INT])
  DEF x9 := (RETURN h0) [BOOL]
  DEF y0 := BNOT x9 [BOOL]
  DEF y1 := TRUE [BOOL]
  IF y0 EQ y1
  THEN WHILESTAT_12_SEQ_0_LEVEL_0
  ELSE WHILENEXT_12_SEQ_0_LEVEL_0
  LABEL WHILECOND_12_SEQ_0_LEVEL_0
  IF y0 EQ y1
  THEN WHILESTAT_12_SEQ_0_LEVEL_0
  ELSE WHILEEND_12_LEVEL_0
  LABEL WHILESTAT_12_SEQ_0_LEVEL_0
  DEF y2 := 1 [INT]
  DEF y3 := n6 IAND y2 [INT]
  m2 := y3 [INT]
  DEF y4 := 1 [INT]
  DEF y5 := m2 EQ y4 [BOOL]
  DEF y6 := TRUE [BOOL]
  IF y5 EQ y6
  THEN IFSTAT_15_SEQ_0_LEVEL_1
  ELSE IFNEXT_15_SEQ_0_LEVEL_1
  LABEL IFSTAT_15_SEQ_0_LEVEL_1
  m0 := l9 [INT]
  GOTO IFEND_15_LEVEL_1
  LABEL IFNEXT_15_SEQ_0_LEVEL_1
  LABEL IFEND_15_LEVEL_1
  DEF y7 := 1 [INT]
  DEF y8 := l9 IADD y7 [INT]
  l9 := y8 [INT]
  DEF y9 := 1 [INT]
  DEF z0 := n6 IRSHIFT y9 [INT]
  n6 := z0 [INT]
  CALL IntIsZero((n6 -> i29)[INT])
  DEF z1 := (RETURN h0) [BOOL]
  DEF z2 := BNOT z1 [BOOL]
  y0 := z2 [BOOL]
  GOTO WHILECOND_12_SEQ_0_LEVEL_0
  LABEL WHILENEXT_12_SEQ_0_LEVEL_0
  LABEL WHILEEND_12_LEVEL_0
  DEF z3 := 23 [INT]
  DEF z4 := m0 ISUB z3 [INT]
  n8 := z4 [INT]
  DEF z5 := 31 [INT]
  DEF z6 := n8 LT z5 [BOOL]
  DEF z7 := 0 [INT]
  DEF z8 := n8 GT z7 [BOOL]
  DEF z9 := z6 LAND z8 [BOOL]
  DEF A0 := TRUE [BOOL]
  IF z9 EQ A0
  THEN IFSTAT_16_SEQ_0_LEVEL_1
  ELSE IFNEXT_16_SEQ_0_LEVEL_1
  LABEL IFSTAT_16_SEQ_0_LEVEL_1
  DEF A1 := 1 [INT]
  DEF A2 := n8 ISUB A1 [INT]
  DEF A3 := n4 IRSHIFT A2 [INT]
  DEF A4 := 1 [INT]
  DEF A5 := A3 IAND A4 [INT]
  n9 := A5 [INT]
  DEF A6 := 1 [INT]
  DEF A7 := A6 ILSHIFT n8 [INT]
  DEF A8 := 1 [INT]
  DEF A9 := A7 ISUB A8 [INT]
  DEF B0 := INOT A9 [INT]
  o0 := B0 [INT]
  DEF B1 := n4 IAND o0 [INT]
  n4 := B1 [INT]
  DEF B2 := 1 [INT]
  DEF B3 := n9 EQ B2 [BOOL]
  DEF B4 := TRUE [BOOL]
  IF B3 EQ B4
  THEN IFSTAT_17_SEQ_0_LEVEL_2
  ELSE IFNEXT_17_SEQ_0_LEVEL_2
  LABEL IFSTAT_17_SEQ_0_LEVEL_2
  DEF B5 := 1 [INT]
  DEF B6 := B5 ILSHIFT n8 [INT]
  DEF B7 := n4 IADD B6 [INT]
  n4 := B7 [INT]
  DEF B8 := 31 [INT]
  DEF B9 := n4 IRSHIFT B8 [INT]
  DEF C0 := 1 [INT]
  DEF C1 := B9 IAND C0 [INT]
  o2 := C1 [INT]
  DEF C2 := 1 [INT]
  DEF C3 := o2 EQ C2 [BOOL]
  DEF C4 := TRUE [BOOL]
  IF C3 EQ C4
  THEN IFSTAT_18_SEQ_0_LEVEL_3
  ELSE IFNEXT_18_SEQ_0_LEVEL_3
  LABEL IFSTAT_18_SEQ_0_LEVEL_3
  DEF C5 := 1 [INT]
  DEF C6 := 31 [INT]
  DEF C7 := C5 ILSHIFT C6 [INT]
  DEF C8 := INOT C7 [INT]
  DEF C9 := n4 IAND C8 [INT]
  n4 := C9 [INT]
  DEF D0 := 1 [INT]
  DEF D1 := n3 IADD D0 [INT]
  n3 := D1 [INT]
  GOTO IFEND_18_LEVEL_3
  LABEL IFNEXT_18_SEQ_0_LEVEL_3
  LABEL IFEND_18_LEVEL_3
  GOTO IFEND_17_LEVEL_2
  LABEL IFNEXT_17_SEQ_0_LEVEL_2
  LABEL IFEND_17_LEVEL_2
  GOTO IFEND_16_LEVEL_1
  LABEL IFNEXT_16_SEQ_0_LEVEL_1
  DEF D2 := 31 [INT]
  DEF D3 := n8 EQ D2 [BOOL]
  DEF D4 := TRUE [BOOL]
  IF D3 EQ D4
  THEN IFSTAT_16_SEQ_1_LEVEL_1
  ELSE IFNEXT_16_SEQ_1_LEVEL_1
  LABEL IFSTAT_16_SEQ_1_LEVEL_1
  DEF D5 := 30 [INT]
  DEF D6 := n4 IRSHIFT D5 [INT]
  DEF D7 := 1 [INT]
  DEF D8 := D6 IAND D7 [INT]
  n9 := D8 [INT]
  DEF D9 := 0 [INT]
  n4 := D9 [INT]
  DEF E0 := 1 [INT]
  DEF E1 := n9 EQ E0 [BOOL]
  DEF E2 := TRUE [BOOL]
  IF E1 EQ E2
  THEN IFSTAT_21_SEQ_0_LEVEL_2
  ELSE IFNEXT_21_SEQ_0_LEVEL_2
  LABEL IFSTAT_21_SEQ_0_LEVEL_2
  DEF E3 := 1 [INT]
  DEF E4 := n3 IADD E3 [INT]
  n3 := E4 [INT]
  GOTO IFEND_21_LEVEL_2
  LABEL IFNEXT_21_SEQ_0_LEVEL_2
  LABEL IFEND_21_LEVEL_2
  GOTO IFEND_16_LEVEL_1
  LABEL IFNEXT_16_SEQ_1_LEVEL_1
  DEF E5 := 31 [INT]
  DEF E6 := n8 GT E5 [BOOL]
  DEF E7 := TRUE [BOOL]
  IF E6 EQ E7
  THEN IFSTAT_16_SEQ_2_LEVEL_1
  ELSE IFNEXT_16_SEQ_2_LEVEL_1
  LABEL IFSTAT_16_SEQ_2_LEVEL_1
  DEF E8 := 32 [INT]
  DEF E9 := n8 ISUB E8 [INT]
  DEF F0 := n3 IRSHIFT E9 [INT]
  DEF F1 := 1 [INT]
  DEF F2 := F0 IAND F1 [INT]
  n9 := F2 [INT]
  DEF F3 := 1 [INT]
  DEF F4 := 31 [INT]
  DEF F5 := n8 ISUB F4 [INT]
  DEF F6 := F3 ILSHIFT F5 [INT]
  DEF F7 := 1 [INT]
  DEF F8 := F6 ISUB F7 [INT]
  DEF F9 := INOT F8 [INT]
  o1 := F9 [INT]
  DEF G0 := n3 IAND o1 [INT]
  n3 := G0 [INT]
  DEF G1 := 0 [INT]
  n4 := G1 [INT]
  DEF G2 := 1 [INT]
  DEF G3 := n9 EQ G2 [BOOL]
  DEF G4 := TRUE [BOOL]
  IF G3 EQ G4
  THEN IFSTAT_23_SEQ_0_LEVEL_2
  ELSE IFNEXT_23_SEQ_0_LEVEL_2
  LABEL IFSTAT_23_SEQ_0_LEVEL_2
  DEF G5 := 1 [INT]
  DEF G6 := 31 [INT]
  DEF G7 := n8 ISUB G6 [INT]
  DEF G8 := G5 ILSHIFT G7 [INT]
  DEF G9 := n3 IADD G8 [INT]
  n3 := G9 [INT]
  GOTO IFEND_23_LEVEL_2
  LABEL IFNEXT_23_SEQ_0_LEVEL_2
  LABEL IFEND_23_LEVEL_2
  GOTO IFEND_16_LEVEL_1
  LABEL IFNEXT_16_SEQ_2_LEVEL_1
  LABEL IFEND_16_LEVEL_1
  DEF H0 := 23 [INT]
  DEF H1 := n2 LT H0 [BOOL]
  DEF H2 := TRUE [BOOL]
  IF H1 EQ H2
  THEN IFSTAT_25_SEQ_0_LEVEL_1
  ELSE IFNEXT_25_SEQ_0_LEVEL_1
  LABEL IFSTAT_25_SEQ_0_LEVEL_1
  DEF H3 := 23 [INT]
  DEF H4 := H3 ISUB n2 [INT]
  m3 := H4 [INT]
  DEF H5 := n4 ILSHIFT m3 [INT]
  n4 := H5 [INT]
  GOTO IFEND_25_LEVEL_1
  LABEL IFNEXT_25_SEQ_0_LEVEL_1
  DEF H6 := 30 [INT]
  DEF H7 := n2 GT H6 [BOOL]
  DEF H8 := TRUE [BOOL]
  IF H7 EQ H8
  THEN IFSTAT_25_SEQ_1_LEVEL_1
  ELSE IFNEXT_25_SEQ_1_LEVEL_1
  LABEL IFSTAT_25_SEQ_1_LEVEL_1
  DEF H9 := 23 [INT]
  DEF I0 := n2 ISUB H9 [INT]
  m3 := I0 [INT]
  DEF I1 := 1 [INT]
  DEF I2 := I1 ILSHIFT m3 [INT]
  DEF I3 := 1 [INT]
  DEF I4 := I2 ISUB I3 [INT]
  o6 := I4 [INT]
  DEF I5 := n3 IAND o6 [INT]
  o3 := I5 [INT]
  DEF I6 := n3 IRSHIFT m3 [INT]
  n3 := I6 [INT]
  DEF I7 := n4 IRSHIFT m3 [INT]
  n4 := I7 [INT]
  DEF I8 := 30 [INT]
  DEF I9 := I8 ISUB m3 [INT]
  DEF J0 := 1 [INT]
  DEF J1 := I9 IADD J0 [INT]
  DEF J2 := o3 ILSHIFT J1 [INT]
  DEF J3 := n4 IOR J2 [INT]
  n4 := J3 [INT]
  GOTO IFEND_25_LEVEL_1
  LABEL IFNEXT_25_SEQ_1_LEVEL_1
  DEF J4 := 23 [INT]
  DEF J5 := n2 GT J4 [BOOL]
  DEF J6 := TRUE [BOOL]
  IF J5 EQ J6
  THEN IFSTAT_25_SEQ_2_LEVEL_1
  ELSE IFNEXT_25_SEQ_2_LEVEL_1
  LABEL IFSTAT_25_SEQ_2_LEVEL_1
  DEF J7 := 23 [INT]
  DEF J8 := n2 ISUB J7 [INT]
  m3 := J8 [INT]
  DEF J9 := n4 IRSHIFT m3 [INT]
  n4 := J9 [INT]
  GOTO IFEND_25_LEVEL_1
  LABEL IFNEXT_25_SEQ_2_LEVEL_1
  LABEL IFEND_25_LEVEL_1
  DEF K0 := 0 [INT]
  l9 := K0 [INT]
  n5 := n3 [INT]
  n6 := n4 [INT]
  CALL IntIsZero((n5 -> i29)[INT])
  DEF K1 := (RETURN h0) [BOOL]
  DEF K2 := BNOT K1 [BOOL]
  DEF K3 := TRUE [BOOL]
  IF K2 EQ K3
  THEN WHILESTAT_14_SEQ_0_LEVEL_0
  ELSE WHILENEXT_14_SEQ_0_LEVEL_0
  LABEL WHILECOND_14_SEQ_0_LEVEL_0
  IF K2 EQ K3
  THEN WHILESTAT_14_SEQ_0_LEVEL_0
  ELSE WHILEEND_14_LEVEL_0
  LABEL WHILESTAT_14_SEQ_0_LEVEL_0
  DEF K4 := 1 [INT]
  DEF K5 := n6 IAND K4 [INT]
  m2 := K5 [INT]
  DEF K6 := 1 [INT]
  DEF K7 := m2 EQ K6 [BOOL]
  DEF K8 := TRUE [BOOL]
  IF K7 EQ K8
  THEN IFSTAT_26_SEQ_0_LEVEL_1
  ELSE IFNEXT_26_SEQ_0_LEVEL_1
  LABEL IFSTAT_26_SEQ_0_LEVEL_1
  m0 := l9 [INT]
  GOTO IFEND_26_LEVEL_1
  LABEL IFNEXT_26_SEQ_0_LEVEL_1
  LABEL IFEND_26_LEVEL_1
  DEF K9 := 1 [INT]
  DEF L0 := l9 IADD K9 [INT]
  l9 := L0 [INT]
  DEF L1 := 1 [INT]
  DEF L2 := n5 IAND L1 [INT]
  n7 := L2 [INT]
  DEF L3 := 1 [INT]
  DEF L4 := n5 IRSHIFT L3 [INT]
  n5 := L4 [INT]
  DEF L5 := 1 [INT]
  DEF L6 := n6 IRSHIFT L5 [INT]
  n6 := L6 [INT]
  DEF L7 := 30 [INT]
  DEF L8 := n7 ILSHIFT L7 [INT]
  DEF L9 := n6 IOR L8 [INT]
  n6 := L9 [INT]
  CALL IntIsZero((n5 -> i29)[INT])
  DEF M0 := (RETURN h0) [BOOL]
  DEF M1 := BNOT M0 [BOOL]
  K2 := M1 [BOOL]
  GOTO WHILECOND_14_SEQ_0_LEVEL_0
  LABEL WHILENEXT_14_SEQ_0_LEVEL_0
  LABEL WHILEEND_14_LEVEL_0
  CALL IntIsZero((n6 -> i29)[INT])
  DEF M2 := (RETURN h0) [BOOL]
  DEF M3 := BNOT M2 [BOOL]
  DEF M4 := TRUE [BOOL]
  IF M3 EQ M4
  THEN WHILESTAT_16_SEQ_0_LEVEL_0
  ELSE WHILENEXT_16_SEQ_0_LEVEL_0
  LABEL WHILECOND_16_SEQ_0_LEVEL_0
  IF M3 EQ M4
  THEN WHILESTAT_16_SEQ_0_LEVEL_0
  ELSE WHILEEND_16_LEVEL_0
  LABEL WHILESTAT_16_SEQ_0_LEVEL_0
  DEF M5 := 1 [INT]
  DEF M6 := n6 IAND M5 [INT]
  m2 := M6 [INT]
  DEF M7 := 1 [INT]
  DEF M8 := m2 EQ M7 [BOOL]
  DEF M9 := TRUE [BOOL]
  IF M8 EQ M9
  THEN IFSTAT_27_SEQ_0_LEVEL_1
  ELSE IFNEXT_27_SEQ_0_LEVEL_1
  LABEL IFSTAT_27_SEQ_0_LEVEL_1
  m0 := l9 [INT]
  GOTO IFEND_27_LEVEL_1
  LABEL IFNEXT_27_SEQ_0_LEVEL_1
  LABEL IFEND_27_LEVEL_1
  DEF N0 := 1 [INT]
  DEF N1 := l9 IADD N0 [INT]
  l9 := N1 [INT]
  DEF N2 := 1 [INT]
  DEF N3 := n6 IRSHIFT N2 [INT]
  n6 := N3 [INT]
  CALL IntIsZero((n6 -> i29)[INT])
  DEF N4 := (RETURN h0) [BOOL]
  DEF N5 := BNOT N4 [BOOL]
  M3 := N5 [BOOL]
  GOTO WHILECOND_16_SEQ_0_LEVEL_0
  LABEL WHILENEXT_16_SEQ_0_LEVEL_0
  LABEL WHILEEND_16_LEVEL_0
  DEF N6 := 30 [INT]
  DEF N7 := m0 GT N6 [BOOL]
  DEF N8 := TRUE [BOOL]
  IF N7 EQ N8
  THEN IFSTAT_28_SEQ_0_LEVEL_1
  ELSE IFNEXT_28_SEQ_0_LEVEL_1
  LABEL IFSTAT_28_SEQ_0_LEVEL_1
  DEF N9 := 1 [INT]
  DEF O0 := 30 [INT]
  DEF O1 := m0 ISUB O0 [INT]
  DEF O2 := N9 ILSHIFT O1 [INT]
  DEF O3 := 1 [INT]
  DEF O4 := O2 ISUB O3 [INT]
  o6 := O4 [INT]
  DEF O5 := n3 IAND o6 [INT]
  o3 := O5 [INT]
  DEF O6 := 30 [INT]
  DEF O7 := 23 [INT]
  DEF O8 := 30 [INT]
  DEF O9 := m0 ISUB O8 [INT]
  DEF P0 := O7 ISUB O9 [INT]
  DEF P1 := O6 ISUB P0 [INT]
  DEF P2 := n4 IRSHIFT P1 [INT]
  n4 := P2 [INT]
  DEF P3 := 23 [INT]
  DEF P4 := 30 [INT]
  DEF P5 := m0 ISUB P4 [INT]
  DEF P6 := P3 ISUB P5 [INT]
  DEF P7 := 1 [INT]
  DEF P8 := P6 IADD P7 [INT]
  DEF P9 := o3 ILSHIFT P8 [INT]
  DEF Q0 := n4 IOR P9 [INT]
  l7 := Q0 [INT]
  DEF Q1 := l8 IADD m3 [INT]
  l8 := Q1 [INT]
  GOTO IFEND_28_LEVEL_1
  LABEL IFNEXT_28_SEQ_0_LEVEL_1
  DEF Q2 := 23 [INT]
  DEF Q3 := m0 GT Q2 [BOOL]
  DEF Q4 := TRUE [BOOL]
  IF Q3 EQ Q4
  THEN IFSTAT_28_SEQ_1_LEVEL_1
  ELSE IFNEXT_28_SEQ_1_LEVEL_1
  LABEL IFSTAT_28_SEQ_1_LEVEL_1
  DEF Q5 := 23 [INT]
  DEF Q6 := m0 ISUB Q5 [INT]
  m3 := Q6 [INT]
  DEF Q7 := n4 IRSHIFT m3 [INT]
  l7 := Q7 [INT]
  DEF Q8 := l8 IADD m3 [INT]
  l8 := Q8 [INT]
  GOTO IFEND_28_LEVEL_1
  LABEL IFNEXT_28_SEQ_1_LEVEL_1
  DEF Q9 := 23 [INT]
  DEF R0 := m0 LT Q9 [BOOL]
  DEF R1 := TRUE [BOOL]
  IF R0 EQ R1
  THEN IFSTAT_28_SEQ_2_LEVEL_1
  ELSE IFNEXT_28_SEQ_2_LEVEL_1
  LABEL IFSTAT_28_SEQ_2_LEVEL_1
  DEF R2 := 23 [INT]
  DEF R3 := R2 ISUB m0 [INT]
  m3 := R3 [INT]
  DEF R4 := n4 ILSHIFT m3 [INT]
  l7 := R4 [INT]
  DEF R5 := l8 ISUB m3 [INT]
  l8 := R5 [INT]
  GOTO IFEND_28_LEVEL_1
  LABEL IFNEXT_28_SEQ_2_LEVEL_1
  DEF R6 := 23 [INT]
  DEF R7 := m0 EQ R6 [BOOL]
  DEF R8 := TRUE [BOOL]
  IF R7 EQ R8
  THEN IFSTAT_28_SEQ_3_LEVEL_1
  ELSE IFNEXT_28_SEQ_3_LEVEL_1
  LABEL IFSTAT_28_SEQ_3_LEVEL_1
  l7 := n4 [INT]
  GOTO IFEND_28_LEVEL_1
  LABEL IFNEXT_28_SEQ_3_LEVEL_1
  LABEL IFEND_28_LEVEL_1
  DEF R9 := l8 IADD (GLOBAL i30) [INT]
  l8 := R9 [INT]
  DEF S0 := 255 [INT]
  DEF S1 := l8 IAND S0 [INT]
  DEF S2 := 23 [INT]
  DEF S3 := S1 ILSHIFT S2 [INT]
  k9 := S3 [INT]
  DEF S4 := 1 [INT]
  DEF S5 := l6 IAND S4 [INT]
  DEF S6 := 31 [INT]
  DEF S7 := S5 ILSHIFT S6 [INT]
  DEF S8 := k9 IOR S7 [INT]
  k9 := S8 [INT]
  DEF S9 := 8388607 [INT]
  DEF T0 := l7 IAND S9 [INT]
  DEF T1 := k9 IOR T0 [INT]
  k9 := T1 [INT]
  GOTO IFEND_10_LEVEL_0_0
  LABEL IFNEXT_10_SEQ_0_LEVEL_0_0
  LABEL IFEND_10_LEVEL_0_0
  CALL IntBinaryAsReal((k9 -> i31)[INT])
  DEF T2 := (RETURN k3) [REAL]
  k8 := T2 [REAL]
  DEF RETURN h40 := k8 [REAL]
 RETURN
 PROC LABEL RealSign
  DEF g58 := 0 [INT]
  DEF g59 := 0 [INT]
  CALL RealBinaryAsInt(((PARAM q) -> i40)[REAL])
  DEF g61 := (RETURN g97) [INT]
  g59 := g61 [INT]
  DEF g62 := 31 [INT]
  DEF g63 := g59 IRSHIFT g62 [INT]
  DEF g64 := 1 [INT]
  DEF g65 := g63 IAND g64 [INT]
  g58 := g65 [INT]
  DEF RETURN g66 := g58 [INT]
 RETURN
 PROC LABEL RealExponent
  DEF g69 := 0 [INT]
  DEF g70 := 0 [INT]
  DEF g71 := 0 [INT]
  CALL RealBinaryAsInt(((PARAM s) -> i40)[REAL])
  DEF g73 := (RETURN g97) [INT]
  g70 := g73 [INT]
  DEF g74 := 23 [INT]
  DEF g75 := g70 IRSHIFT g74 [INT]
  DEF g76 := 255 [INT]
  DEF g77 := g75 IAND g76 [INT]
  g71 := g77 [INT]
  DEF g78 := g71 ISUB (GLOBAL i30) [INT]
  g69 := g78 [INT]
  DEF RETURN g81 := g69 [INT]
 RETURN
 PROC LABEL RealMantissa
  DEF g84 := 0 [INT]
  DEF g85 := 0 [INT]
  DEF g86 := 0 [INT]
  DEF g87 := 0 [INT]
  CALL RealBinaryAsInt(((PARAM o) -> i40)[REAL])
  DEF g89 := (RETURN g97) [INT]
  g85 := g89 [INT]
  DEF g90 := 8388607 [INT]
  DEF g91 := g85 IAND g90 [INT]
  g86 := g91 [INT]
  CALL RealIsZero(((PARAM o) -> h16)[REAL])
  DEF h17 := (RETURN h15) [BOOL]
  DEF h18 := TRUE [BOOL]
  IF h17 EQ h18
  THEN IFSTAT_6_SEQ_0_LEVEL_0_0
  ELSE IFNEXT_6_SEQ_0_LEVEL_0_0
  LABEL IFSTAT_6_SEQ_0_LEVEL_0_0
  g84 := g86 [INT]
  GOTO IFEND_6_LEVEL_0_0
  LABEL IFNEXT_6_SEQ_0_LEVEL_0_0
  DEF h19 := 8388608 [INT]
  DEF h20 := g86 IOR h19 [INT]
  g84 := h20 [INT]
  GOTO IFEND_6_LEVEL_0_0
  LABEL IFNEXT_6_SEQ_1_LEVEL_0
  LABEL IFEND_6_LEVEL_0_0
  DEF RETURN h21 := g84 [INT]
 RETURN
 PROC LABEL RealIsZero
  DEF g92 := FALSE [BOOL]
  DEF g93 := 0 [INT]
  DEF g94 := 0 [INT]
  CALL RealBinaryAsInt(((PARAM h16) -> i40)[REAL])
  DEF g96 := (RETURN g97) [INT]
  g94 := g96 [INT]
  DEF g98 := 2147483647 [INT]
  DEF g99 := g94 IAND g98 [INT]
  g93 := g99 [INT]
  DEF h10 := 0 [INT]
  DEF h11 := g93 EQ h10 [BOOL]
  DEF h12 := TRUE [BOOL]
  IF h11 EQ h12
  THEN IFSTAT_0_SEQ_0_LEVEL_0_2
  ELSE IFNEXT_0_SEQ_0_LEVEL_0_2
  LABEL IFSTAT_0_SEQ_0_LEVEL_0_2
  DEF h13 := TRUE [BOOL]
  g92 := h13 [BOOL]
  GOTO IFEND_0_LEVEL_0_2
  LABEL IFNEXT_0_SEQ_0_LEVEL_0_2
  DEF h14 := FALSE [BOOL]
  g92 := h14 [BOOL]
  GOTO IFEND_0_LEVEL_0_2
  LABEL IFNEXT_0_SEQ_1_LEVEL_0_2
  LABEL IFEND_0_LEVEL_0_2
  DEF RETURN h15 := g92 [BOOL]
 RETURN
 PROC LABEL RDivide
  DEF T3 := 0.0 [REAL]
  DEF T4 := 0 [INT]
  DEF T5 := 0 [INT]
  DEF T6 := 0 [INT]
  DEF T7 := 0 [INT]
  DEF T8 := 0 [INT]
  DEF T9 := 0 [INT]
  DEF U0 := 0 [INT]
  DEF U1 := 0 [INT]
  DEF U2 := 0 [INT]
  DEF U3 := 0 [INT]
  DEF U4 := 0 [INT]
  DEF U5 := 0 [INT]
  DEF U6 := 0 [INT]
  DEF U7 := 0 [INT]
  DEF U8 := 0 [INT]
  DEF U9 := 0 [INT]
  DEF V0 := 0 [INT]
  DEF V1 := 0 [INT]
  DEF V2 := 0 [INT]
  DEF V3 := 0 [INT]
  DEF V4 := 0 [INT]
  DEF V5 := 0 [INT]
  DEF V6 := 0 [INT]
  DEF V7 := 0 [INT]
  DEF V8 := 0 [INT]
  DEF V9 := 0 [INT]
  DEF W0 := 0 [INT]
  DEF W1 := 0 [INT]
  DEF W2 := 0 [INT]
  DEF W3 := 0 [INT]
  DEF W4 := 0 [INT]
  DEF W5 := 0 [INT]
  DEF W6 := 0 [INT]
  DEF W7 := 0 [INT]
  DEF W8 := 0 [INT]
  CALL RealSign(((PARAM j) -> h49)[REAL])
  DEF W9 := (RETURN a1) [INT]
  T5 := W9 [INT]
  CALL RealSign(((PARAM k) -> h49)[REAL])
  DEF X0 := (RETURN a1) [INT]
  T6 := X0 [INT]
  CALL RealExponent(((PARAM j) -> h51)[REAL])
  DEF X1 := (RETURN a5) [INT]
  T7 := X1 [INT]
  CALL RealExponent(((PARAM k) -> h51)[REAL])
  DEF X2 := (RETURN a5) [INT]
  T8 := X2 [INT]
  CALL RealMantissa(((PARAM j) -> h53)[REAL])
  DEF X3 := (RETURN h63) [INT]
  T9 := X3 [INT]
  CALL RealMantissa(((PARAM k) -> h53)[REAL])
  DEF X4 := (RETURN h63) [INT]
  U0 := X4 [INT]
  CALL IntIsZero((T9 -> i29)[INT])
  DEF X5 := (RETURN h0) [BOOL]
  CALL IntIsZero((U0 -> i29)[INT])
  DEF X6 := (RETURN h0) [BOOL]
  DEF X7 := X5 LAND X6 [BOOL]
  DEF X8 := TRUE [BOOL]
  IF X7 EQ X8
  THEN IFSTAT_30_SEQ_0_LEVEL_0
  ELSE IFNEXT_30_SEQ_0_LEVEL_0
  LABEL IFSTAT_30_SEQ_0_LEVEL_0
  DEF X9 := 1065353216 [INT]
  T4 := X9 [INT]
  GOTO IFEND_30_LEVEL_0
  LABEL IFNEXT_30_SEQ_0_LEVEL_0
  CALL IntIsZero((T9 -> i29)[INT])
  DEF Y0 := (RETURN h0) [BOOL]
  DEF Y1 := BNOT Y0 [BOOL]
  CALL IntIsZero((U0 -> i29)[INT])
  DEF Y2 := (RETURN h0) [BOOL]
  DEF Y3 := Y1 LAND Y2 [BOOL]
  DEF Y4 := TRUE [BOOL]
  IF Y3 EQ Y4
  THEN IFSTAT_30_SEQ_1_LEVEL_0
  ELSE IFNEXT_30_SEQ_1_LEVEL_0
  LABEL IFSTAT_30_SEQ_1_LEVEL_0
  DEF Y5 := 2139095040 [INT]
  T4 := Y5 [INT]
  GOTO IFEND_30_LEVEL_0
  LABEL IFNEXT_30_SEQ_1_LEVEL_0
  CALL IntIsZero((T9 -> i29)[INT])
  DEF Y6 := (RETURN h0) [BOOL]
  CALL IntIsZero((U0 -> i29)[INT])
  DEF Y7 := (RETURN h0) [BOOL]
  DEF Y8 := BNOT Y7 [BOOL]
  DEF Y9 := Y6 LAND Y8 [BOOL]
  DEF Z0 := TRUE [BOOL]
  IF Y9 EQ Z0
  THEN IFSTAT_30_SEQ_2_LEVEL_0
  ELSE IFNEXT_30_SEQ_2_LEVEL_0
  LABEL IFSTAT_30_SEQ_2_LEVEL_0
  DEF Z1 := 0 [INT]
  T4 := Z1 [INT]
  GOTO IFEND_30_LEVEL_0
  LABEL IFNEXT_30_SEQ_2_LEVEL_0
  DEF Z2 := 30 [INT]
  DEF Z3 := 23 [INT]
  DEF Z4 := Z2 ISUB Z3 [INT]
  V0 := Z4 [INT]
  DEF Z5 := T9 ILSHIFT V0 [INT]
  T9 := Z5 [INT]
  DEF Z6 := 0 [INT]
  U4 := Z6 [INT]
  U6 := U0 [INT]
  DEF Z7 := 1 [INT]
  DEF Z8 := U6 IAND Z7 [INT]
  DEF Z9 := 0 [INT]
  DEF h63 := Z8 EQ Z9 [BOOL]
  DEF a10 := TRUE [BOOL]
  IF h63 EQ a10
  THEN WHILESTAT_18_SEQ_0_LEVEL_0
  ELSE WHILENEXT_18_SEQ_0_LEVEL_0
  LABEL WHILECOND_18_SEQ_0_LEVEL_0
  IF h63 EQ a10
  THEN WHILESTAT_18_SEQ_0_LEVEL_0
  ELSE WHILEEND_18_LEVEL_0
  LABEL WHILESTAT_18_SEQ_0_LEVEL_0
  DEF a11 := 1 [INT]
  DEF a12 := U6 IRSHIFT a11 [INT]
  U6 := a12 [INT]
  DEF a13 := 1 [INT]
  DEF a14 := U4 IADD a13 [INT]
  U4 := a14 [INT]
  DEF a15 := 1 [INT]
  DEF a16 := U6 IAND a15 [INT]
  DEF a17 := 0 [INT]
  DEF a18 := a16 EQ a17 [BOOL]
  h63 := a18 [BOOL]
  GOTO WHILECOND_18_SEQ_0_LEVEL_0
  LABEL WHILENEXT_18_SEQ_0_LEVEL_0
  LABEL WHILEEND_18_LEVEL_0
  U7 := U4 [INT]
  V0 := U7 [INT]
  DEF a19 := U0 IRSHIFT V0 [INT]
  U0 := a19 [INT]
  DEF a20 := 0 [INT]
  U4 := a20 [INT]
  U6 := U0 [INT]
  CALL IntIsZero((U6 -> i29)[INT])
  DEF a21 := (RETURN h0) [BOOL]
  DEF a22 := BNOT a21 [BOOL]
  DEF a23 := TRUE [BOOL]
  IF a22 EQ a23
  THEN WHILESTAT_20_SEQ_0_LEVEL_0
  ELSE WHILENEXT_20_SEQ_0_LEVEL_0
  LABEL WHILECOND_20_SEQ_0_LEVEL_0
  IF a22 EQ a23
  THEN WHILESTAT_20_SEQ_0_LEVEL_0
  ELSE WHILEEND_20_LEVEL_0
  LABEL WHILESTAT_20_SEQ_0_LEVEL_0
  DEF a24 := 1 [INT]
  DEF a25 := U6 IAND a24 [INT]
  U5 := a25 [INT]
  DEF a26 := 1 [INT]
  DEF a27 := U5 EQ a26 [BOOL]
  DEF a28 := TRUE [BOOL]
  IF a27 EQ a28
  THEN IFSTAT_31_SEQ_0_LEVEL_1
  ELSE IFNEXT_31_SEQ_0_LEVEL_1
  LABEL IFSTAT_31_SEQ_0_LEVEL_1
  U8 := U4 [INT]
  GOTO IFEND_31_LEVEL_1
  LABEL IFNEXT_31_SEQ_0_LEVEL_1
  LABEL IFEND_31_LEVEL_1
  DEF a29 := 1 [INT]
  DEF a30 := U4 IADD a29 [INT]
  U4 := a30 [INT]
  DEF a31 := 1 [INT]
  DEF a32 := U6 IRSHIFT a31 [INT]
  U6 := a32 [INT]
  CALL IntIsZero((U6 -> i29)[INT])
  DEF a33 := (RETURN h0) [BOOL]
  DEF a34 := BNOT a33 [BOOL]
  a22 := a34 [BOOL]
  GOTO WHILECOND_20_SEQ_0_LEVEL_0
  LABEL WHILENEXT_20_SEQ_0_LEVEL_0
  LABEL WHILEEND_20_LEVEL_0
  U9 := U8 [INT]
  DEF a35 := T7 ISUB U9 [INT]
  T7 := a35 [INT]
  DEF a36 := T8 ISUB U9 [INT]
  T8 := a36 [INT]
  DEF a37 := 30 [INT]
  DEF a38 := a37 ISUB U9 [INT]
  V6 := a38 [INT]
  V7 := V6 [INT]
  DEF a39 := T5 NE T6 [BOOL]
  DEF a40 := TRUE [BOOL]
  IF a39 EQ a40
  THEN IFSTAT_32_SEQ_0_LEVEL_1
  ELSE IFNEXT_32_SEQ_0_LEVEL_1
  LABEL IFSTAT_32_SEQ_0_LEVEL_1
  DEF a41 := 1 [INT]
  U1 := a41 [INT]
  GOTO IFEND_32_LEVEL_1
  LABEL IFNEXT_32_SEQ_0_LEVEL_1
  DEF a42 := 0 [INT]
  U1 := a42 [INT]
  GOTO IFEND_32_LEVEL_1
  LABEL IFNEXT_32_SEQ_1_LEVEL_1
  LABEL IFEND_32_LEVEL_1
  DEF a43 := T7 ISUB T8 [INT]
  U3 := a43 [INT]
  CALL Div((T9 -> i26)[INT], (U0 -> i27)[INT])
  DEF a47 := (RETURN a46) [INT]
  U2 := a47 [INT]
  DEF a48 := 23 [INT]
  DEF a49 := V7 GT a48 [BOOL]
  DEF a50 := TRUE [BOOL]
  IF a49 EQ a50
  THEN IFSTAT_33_SEQ_0_LEVEL_1
  ELSE IFNEXT_33_SEQ_0_LEVEL_1
  LABEL IFSTAT_33_SEQ_0_LEVEL_1
  DEF a51 := 23 [INT]
  DEF a52 := V7 ISUB a51 [INT]
  V1 := a52 [INT]
  DEF a53 := 1 [INT]
  DEF a54 := a53 ILSHIFT V1 [INT]
  DEF a55 := 1 [INT]
  DEF a56 := a54 ISUB a55 [INT]
  DEF a57 := U2 IAND a56 [INT]
  W6 := a57 [INT]
  DEF a58 := U2 IRSHIFT V1 [INT]
  U2 := a58 [INT]
  GOTO IFEND_33_LEVEL_1
  LABEL IFNEXT_33_SEQ_0_LEVEL_1
  DEF a59 := 23 [INT]
  DEF a60 := V7 LT a59 [BOOL]
  DEF a61 := TRUE [BOOL]
  IF a60 EQ a61
  THEN IFSTAT_33_SEQ_1_LEVEL_1
  ELSE IFNEXT_33_SEQ_1_LEVEL_1
  LABEL IFSTAT_33_SEQ_1_LEVEL_1
  DEF a62 := 23 [INT]
  DEF a63 := a62 ISUB V7 [INT]
  V1 := a63 [INT]
  DEF a64 := U2 ILSHIFT V1 [INT]
  U2 := a64 [INT]
  DEF a65 := 0 [INT]
  W6 := a65 [INT]
  GOTO IFEND_33_LEVEL_1
  LABEL IFNEXT_33_SEQ_1_LEVEL_1
  LABEL IFEND_33_LEVEL_1
  DEF a66 := 0 [INT]
  V4 := a66 [INT]
  V5 := U2 [INT]
  DEF a67 := 0 [INT]
  V2 := a67 [INT]
  CALL IntIsZero((V5 -> i29)[INT])
  DEF a68 := (RETURN h0) [BOOL]
  DEF a69 := BNOT a68 [BOOL]
  DEF a70 := TRUE [BOOL]
  IF a69 EQ a70
  THEN WHILESTAT_22_SEQ_0_LEVEL_0
  ELSE WHILENEXT_22_SEQ_0_LEVEL_0
  LABEL WHILECOND_22_SEQ_0_LEVEL_0
  IF a69 EQ a70
  THEN WHILESTAT_22_SEQ_0_LEVEL_0
  ELSE WHILEEND_22_LEVEL_0
  LABEL WHILESTAT_22_SEQ_0_LEVEL_0
  DEF a71 := 1 [INT]
  DEF a72 := V5 IAND a71 [INT]
  V3 := a72 [INT]
  DEF a73 := 1 [INT]
  DEF a74 := V3 EQ a73 [BOOL]
  DEF a75 := TRUE [BOOL]
  IF a74 EQ a75
  THEN IFSTAT_34_SEQ_0_LEVEL_1
  ELSE IFNEXT_34_SEQ_0_LEVEL_1
  LABEL IFSTAT_34_SEQ_0_LEVEL_1
  V2 := V4 [INT]
  GOTO IFEND_34_LEVEL_1
  LABEL IFNEXT_34_SEQ_0_LEVEL_1
  LABEL IFEND_34_LEVEL_1
  DEF a76 := 1 [INT]
  DEF a77 := V4 IADD a76 [INT]
  V4 := a77 [INT]
  DEF a78 := 1 [INT]
  DEF a79 := V5 IRSHIFT a78 [INT]
  V5 := a79 [INT]
  CALL IntIsZero((V5 -> i29)[INT])
  DEF a80 := (RETURN h0) [BOOL]
  DEF a81 := BNOT a80 [BOOL]
  a69 := a81 [BOOL]
  GOTO WHILECOND_22_SEQ_0_LEVEL_0
  LABEL WHILENEXT_22_SEQ_0_LEVEL_0
  LABEL WHILEEND_22_LEVEL_0
  DEF a82 := 23 [INT]
  DEF a83 := V2 LT a82 [BOOL]
  DEF a84 := TRUE [BOOL]
  IF a83 EQ a84
  THEN IFSTAT_35_SEQ_0_LEVEL_1
  ELSE IFNEXT_35_SEQ_0_LEVEL_1
  LABEL IFSTAT_35_SEQ_0_LEVEL_1
  DEF a85 := 23 [INT]
  DEF a86 := a85 ISUB V2 [INT]
  V0 := a86 [INT]
  DEF a87 := U2 ILSHIFT V0 [INT]
  U2 := a87 [INT]
  DEF a88 := V1 ISUB V0 [INT]
  DEF a89 := W6 IRSHIFT a88 [INT]
  DEF a90 := U2 IOR a89 [INT]
  U2 := a90 [INT]
  DEF a91 := U3 ISUB V0 [INT]
  U3 := a91 [INT]
  GOTO IFEND_35_LEVEL_1
  LABEL IFNEXT_35_SEQ_0_LEVEL_1
  LABEL IFEND_35_LEVEL_1
  DEF a92 := 1 [INT]
  DEF a93 := U2 IADD a92 [INT]
  W1 := a93 [INT]
  DEF a94 := 0 [INT]
  W8 := a94 [INT]
  W0 := U2 [INT]
  DEF a95 := 0 [INT]
  W7 := a95 [INT]
  DEF a96 := 1 [INT]
  DEF a97 := V1 ISUB a96 [INT]
  DEF a98 := W6 IRSHIFT a97 [INT]
  V2 := a98 [INT]
  DEF a99 := 1 [INT]
  DEF b10 := V2 EQ a99 [BOOL]
  DEF b11 := TRUE [BOOL]
  IF b10 EQ b11
  THEN IFSTAT_36_SEQ_0_LEVEL_1
  ELSE IFNEXT_36_SEQ_0_LEVEL_1
  LABEL IFSTAT_36_SEQ_0_LEVEL_1
  U2 := W1 [INT]
  W6 := W8 [INT]
  GOTO IFEND_36_LEVEL_1
  LABEL IFNEXT_36_SEQ_0_LEVEL_1
  DEF b12 := W2 GT W3 [BOOL]
  DEF b13 := TRUE [BOOL]
  IF b12 EQ b13
  THEN IFSTAT_36_SEQ_1_LEVEL_1
  ELSE IFNEXT_36_SEQ_1_LEVEL_1
  LABEL IFSTAT_36_SEQ_1_LEVEL_1
  U2 := W0 [INT]
  W6 := W7 [INT]
  GOTO IFEND_36_LEVEL_1
  LABEL IFNEXT_36_SEQ_1_LEVEL_1
  DEF b14 := 1 [INT]
  DEF b15 := W0 IAND b14 [INT]
  W4 := b15 [INT]
  DEF b16 := 1 [INT]
  DEF b17 := W1 IAND b16 [INT]
  W5 := b17 [INT]
  DEF b18 := 0 [INT]
  DEF b19 := W5 EQ b18 [BOOL]
  DEF b20 := TRUE [BOOL]
  IF b19 EQ b20
  THEN IFSTAT_37_SEQ_0_LEVEL_2
  ELSE IFNEXT_37_SEQ_0_LEVEL_2
  LABEL IFSTAT_37_SEQ_0_LEVEL_2
  U2 := W1 [INT]
  W6 := W8 [INT]
  GOTO IFEND_37_LEVEL_2
  LABEL IFNEXT_37_SEQ_0_LEVEL_2
  U2 := W0 [INT]
  W6 := W7 [INT]
  GOTO IFEND_37_LEVEL_2
  LABEL IFNEXT_37_SEQ_1_LEVEL_2
  LABEL IFEND_37_LEVEL_2
  GOTO IFEND_36_LEVEL_1
  LABEL IFNEXT_36_SEQ_2_LEVEL_1
  LABEL IFEND_36_LEVEL_1
  DEF b21 := U3 IADD (GLOBAL i30) [INT]
  U3 := b21 [INT]
  DEF b22 := 255 [INT]
  DEF b23 := U3 IAND b22 [INT]
  DEF b24 := 23 [INT]
  DEF b25 := b23 ILSHIFT b24 [INT]
  T4 := b25 [INT]
  DEF b26 := 31 [INT]
  DEF b27 := U1 ILSHIFT b26 [INT]
  DEF b28 := T4 IOR b27 [INT]
  T4 := b28 [INT]
  DEF b29 := 8388607 [INT]
  DEF b30 := U2 IAND b29 [INT]
  DEF b31 := T4 IOR b30 [INT]
  T4 := b31 [INT]
  GOTO IFEND_30_LEVEL_0
  LABEL IFNEXT_30_SEQ_3_LEVEL_0
  LABEL IFEND_30_LEVEL_0
  CALL IntBinaryAsReal((T4 -> i31)[INT])
  DEF b32 := (RETURN k3) [REAL]
  T3 := b32 [REAL]
  DEF RETURN i32 := T3 [REAL]
 RETURN
 PROC LABEL Div
  DEF h66 := 0 [INT]
  DEF h67 := 0 [INT]
  DEF h68 := 0 [INT]
  DEF h69 := 0 [INT]
  DEF h70 := 0 [INT]
  DEF h71 := 0 [INT]
  DEF h72 := 0 [INT]
  DEF h73 := 0 [INT]
  DEF h74 := 0 [INT]
  h68 := (PARAM c) [INT]
  DEF h75 := 0 [INT]
  h71 := h75 [INT]
  DEF h76 := 0 [INT]
  h69 := h76 [INT]
  CALL IntIsZero((h68 -> i29)[INT])
  DEF h78 := (RETURN B) [BOOL]
  DEF h79 := BNOT h78 [BOOL]
  DEF h80 := TRUE [BOOL]
  IF h79 EQ h80
  THEN WHILESTAT_0_SEQ_0_LEVEL_0_1
  ELSE WHILENEXT_0_SEQ_0_LEVEL_0_1
  LABEL WHILECOND_0_SEQ_0_LEVEL_0_1
  IF h79 EQ h80
  THEN WHILESTAT_0_SEQ_0_LEVEL_0_1
  ELSE WHILEEND_0_LEVEL_0_1
  LABEL WHILESTAT_0_SEQ_0_LEVEL_0_1
  DEF h81 := 1 [INT]
  DEF h82 := h68 IAND h81 [INT]
  h70 := h82 [INT]
  DEF h83 := 1 [INT]
  DEF h84 := h70 EQ h83 [BOOL]
  DEF h85 := TRUE [BOOL]
  IF h84 EQ h85
  THEN IFSTAT_0_SEQ_0_LEVEL_0_3
  ELSE IFNEXT_0_SEQ_0_LEVEL_0_3
  LABEL IFSTAT_0_SEQ_0_LEVEL_0_3
  h69 := h71 [INT]
  GOTO IFEND_0_LEVEL_0_3
  LABEL IFNEXT_0_SEQ_0_LEVEL_0_3
  LABEL IFEND_0_LEVEL_0_3
  DEF h86 := 1 [INT]
  DEF h87 := h71 IADD h86 [INT]
  h71 := h87 [INT]
  DEF h88 := 1 [INT]
  DEF h89 := h68 IRSHIFT h88 [INT]
  h68 := h89 [INT]
  CALL IntIsZero((h68 -> i29)[INT])
  DEF h91 := (RETURN B) [BOOL]
  DEF h92 := BNOT h91 [BOOL]
  h79 := h92 [BOOL]
  GOTO WHILECOND_0_SEQ_0_LEVEL_0_1
  LABEL WHILENEXT_0_SEQ_0_LEVEL_0_1
  LABEL WHILEEND_0_LEVEL_0_1
  h72 := h69 [INT]
  h68 := (PARAM c) [INT]
  DEF h93 := 0 [INT]
  h74 := h93 [INT]
  DEF h94 := 0 [INT]
  h67 := h94 [INT]
  DEF h95 := 0 [INT]
  DEF h96 := h72 GE h95 [BOOL]
  DEF h97 := TRUE [BOOL]
  IF h96 EQ h97
  THEN WHILESTAT_2_SEQ_0_LEVEL_0_1
  ELSE WHILENEXT_2_SEQ_0_LEVEL_0_1
  LABEL WHILECOND_2_SEQ_0_LEVEL_0_1
  IF h96 EQ h97
  THEN WHILESTAT_2_SEQ_0_LEVEL_0_1
  ELSE WHILEEND_2_LEVEL_0_1
  LABEL WHILESTAT_2_SEQ_0_LEVEL_0_1
  DEF h98 := h68 IRSHIFT h72 [INT]
  DEF h99 := 1 [INT]
  DEF i10 := h98 IAND h99 [INT]
  h73 := i10 [INT]
  DEF i11 := 1 [INT]
  DEF i12 := h74 ILSHIFT i11 [INT]
  DEF i13 := i12 IOR h73 [INT]
  h74 := i13 [INT]
  DEF i14 := h74 GE (PARAM i15) [BOOL]
  DEF i16 := TRUE [BOOL]
  IF i14 EQ i16
  THEN IFSTAT_1_SEQ_0_LEVEL_0_1
  ELSE IFNEXT_1_SEQ_0_LEVEL_0_1
  LABEL IFSTAT_1_SEQ_0_LEVEL_0_1
  DEF i17 := 1 [INT]
  DEF i18 := i17 ILSHIFT h72 [INT]
  DEF i19 := h67 IOR i18 [INT]
  h67 := i19 [INT]
  DEF i20 := h74 ISUB (PARAM i15) [INT]
  h74 := i20 [INT]
  GOTO IFEND_1_LEVEL_0_1
  LABEL IFNEXT_1_SEQ_0_LEVEL_0_1
  LABEL IFEND_1_LEVEL_0_1
  DEF i21 := 1 [INT]
  DEF i22 := h72 ISUB i21 [INT]
  h72 := i22 [INT]
  DEF i23 := 0 [INT]
  DEF i24 := h72 GE i23 [BOOL]
  h96 := i24 [BOOL]
  GOTO WHILECOND_2_SEQ_0_LEVEL_0_1
  LABEL WHILENEXT_2_SEQ_0_LEVEL_0_1
  LABEL WHILEEND_2_LEVEL_0_1
  DEF RETURN i25 := h67 [INT]
 RETURN
 PROC LABEL RNotEqualTo
  DEF e94 := FALSE [BOOL]
  DEF e95 := FALSE [BOOL]
  DEF e96 := FALSE [BOOL]
  DEF e97 := 0 [INT]
  DEF e98 := 0 [INT]
  DEF e99 := 0 [INT]
  CALL RealIsZero(((PARAM G) -> i38)[REAL])
  DEF f10 := (RETURN b71) [BOOL]
  e95 := f10 [BOOL]
  CALL RealIsZero(((PARAM H) -> i38)[REAL])
  DEF f11 := (RETURN b71) [BOOL]
  e96 := f11 [BOOL]
  DEF f12 := e95 LAND e96 [BOOL]
  DEF f13 := TRUE [BOOL]
  IF f12 EQ f13
  THEN IFSTAT_87_SEQ_0_LEVEL_0
  ELSE IFNEXT_87_SEQ_0_LEVEL_0
  LABEL IFSTAT_87_SEQ_0_LEVEL_0
  DEF f14 := FALSE [BOOL]
  e94 := f14 [BOOL]
  GOTO IFEND_87_LEVEL_0
  LABEL IFNEXT_87_SEQ_0_LEVEL_0
  CALL RealBinaryAsInt(((PARAM G) -> i40)[REAL])
  DEF f15 := (RETURN g97) [INT]
  e98 := f15 [INT]
  CALL RealBinaryAsInt(((PARAM H) -> i40)[REAL])
  DEF f16 := (RETURN g97) [INT]
  e99 := f16 [INT]
  DEF f17 := e98 IXOR e99 [INT]
  e97 := f17 [INT]
  DEF f18 := 0 [INT]
  DEF f19 := e97 EQ f18 [BOOL]
  DEF f20 := TRUE [BOOL]
  IF f19 EQ f20
  THEN IFSTAT_88_SEQ_0_LEVEL_1
  ELSE IFNEXT_88_SEQ_0_LEVEL_1
  LABEL IFSTAT_88_SEQ_0_LEVEL_1
  DEF f21 := FALSE [BOOL]
  e94 := f21 [BOOL]
  GOTO IFEND_88_LEVEL_1
  LABEL IFNEXT_88_SEQ_0_LEVEL_1
  DEF f22 := TRUE [BOOL]
  e94 := f22 [BOOL]
  GOTO IFEND_88_LEVEL_1
  LABEL IFNEXT_88_SEQ_1_LEVEL_1
  LABEL IFEND_88_LEVEL_1
  GOTO IFEND_87_LEVEL_0
  LABEL IFNEXT_87_SEQ_1_LEVEL_0
  LABEL IFEND_87_LEVEL_0
  DEF RETURN i41 := e94 [BOOL]
 RETURN
 PROC LABEL WriteBool
  DEF i46 := 0 [INT]
  IPARAM i46
  IASM "MOV %r, R0"
  IPARAM (PARAM h)
  IASM "LDRB R0, %a"
  IASM "SWI 6"
  IPARAM i46
  IASM "MOV R0, %r"
 RETURN
